2012/05/06 21:51:47 [error] [system.db.CDbCommand] CDbCommand::fetchAll() failed: SQLSTATE[42S22]: Column not found: 1054 Unknown column 'Array' in 'order clause'. The SQL statement executed was: SELECT * FROM `security` `t` WHERE time_stamp >=2012-04-29 ORDER BY Array.
in /var/www/html/cubecam/protected/controllers/ViewerController.php (25)
in /var/www/html/cubecam/index.php (13)
2012/05/07 07:43:28 [error] [system.db.CDbCommand] CDbCommand::fetchAll() failed: SQLSTATE[42S22]: Column not found: 1054 Unknown column 'time_stmap' in 'order clause'. The SQL statement executed was: SELECT * FROM `security` `t` ORDER BY time_stmap DESC LIMIT 48.
in /var/www/html/cubecam/protected/views/security/admin.php (50)
in /var/www/html/cubecam/protected/controllers/SecurityController.php (59)
in /var/www/html/cubecam/index.php (13)
2012/05/07 07:43:55 [error] [system.db.CDbCommand] CDbCommand::fetchAll() failed: SQLSTATE[42S22]: Column not found: 1054 Unknown column 'time_staap' in 'order clause'. The SQL statement executed was: SELECT * FROM `security` `t` ORDER BY time_staap DESC LIMIT 48.
in /var/www/html/cubecam/protected/views/security/admin.php (50)
in /var/www/html/cubecam/protected/controllers/SecurityController.php (59)
in /var/www/html/cubecam/index.php (13)
2012/05/08 11:34:40 [error] [system.db.CDbCommand] CDbCommand::fetchColumn() failed: SQLSTATE[42000]: Syntax error or access violation: 1064 You have an error in your SQL syntax; check the manual that corresponds to your MySQL server version for the right syntax to use near '%%)='1') AND (upper(change_pixels), upper(2601)='1')' at line 1. The SQL statement executed was: SELECT COUNT(*) FROM `security` `t` WHERE (upper(event_time_stamp), upper(%%)=:ycp0) AND (upper(change_pixels), upper(2601)=:ycp1).
in /var/www/html/cubecam/protected/views/security/admin.php (111)
in /var/www/html/cubecam/protected/controllers/SecurityController.php (60)
in /var/www/html/cubecam/index.php (13)
2012/05/08 11:35:51 [error] [system.db.CDbCommand] CDbCommand::fetchColumn() failed: SQLSTATE[42000]: Syntax error or access violation: 1064 You have an error in your SQL syntax; check the manual that corresponds to your MySQL server version for the right syntax to use near '%%)='1') AND (upper(change_pixels), upper(2601)='1')' at line 1. The SQL statement executed was: SELECT COUNT(*) FROM `security` `t` WHERE (upper(event_time_stamp), upper(%%)=:ycp0) AND (upper(change_pixels), upper(2601)=:ycp1).
in /var/www/html/cubecam/protected/views/security/admin.php (111)
in /var/www/html/cubecam/protected/controllers/SecurityController.php (60)
in /var/www/html/cubecam/index.php (13)
2012/05/08 11:37:23 [error] [system.db.CDbCommand] CDbCommand::fetchColumn() failed: SQLSTATE[42000]: Syntax error or access violation: 1064 You have an error in your SQL syntax; check the manual that corresponds to your MySQL server version for the right syntax to use near '%%)='1') AND (upper(change_pixels), upper(2601)='1')' at line 1. The SQL statement executed was: SELECT COUNT(*) FROM `security` `t` WHERE (upper(event_time_stamp), upper(%%)=:ycp0) AND (upper(change_pixels), upper(2601)=:ycp1).
in /var/www/html/cubecam/protected/views/security/admin.php (111)
in /var/www/html/cubecam/protected/controllers/SecurityController.php (60)
in /var/www/html/cubecam/index.php (13)
2012/05/08 11:38:06 [error] [system.db.CDbCommand] CDbCommand::fetchColumn() failed: SQLSTATE[42000]: Syntax error or access violation: 1064 You have an error in your SQL syntax; check the manual that corresponds to your MySQL server version for the right syntax to use near '%%)='1') AND (upper(change_pixels), upper(2601)='1')' at line 1. The SQL statement executed was: SELECT COUNT(*) FROM `security` `t` WHERE (upper(event_time_stamp), upper(%%)=:ycp0) AND (upper(change_pixels), upper(2601)=:ycp1).
in /var/www/html/cubecam/protected/views/security/admin.php (111)
in /var/www/html/cubecam/protected/controllers/SecurityController.php (60)
in /var/www/html/cubecam/index.php (13)
2012/05/08 11:38:28 [error] [system.db.CDbCommand] CDbCommand::fetchColumn() failed: SQLSTATE[42000]: Syntax error or access violation: 1064 You have an error in your SQL syntax; check the manual that corresponds to your MySQL server version for the right syntax to use near ' upper(2601)='1'' at line 1. The SQL statement executed was: SELECT COUNT(*) FROM `security` `t` WHERE upper(change_pixels), upper(2601)=:ycp0.
in /var/www/html/cubecam/protected/views/security/admin.php (111)
in /var/www/html/cubecam/protected/controllers/SecurityController.php (60)
in /var/www/html/cubecam/index.php (13)
2012/05/08 11:39:04 [error] [system.db.CDbCommand] CDbCommand::fetchColumn() failed: SQLSTATE[42000]: Syntax error or access violation: 1064 You have an error in your SQL syntax; check the manual that corresponds to your MySQL server version for the right syntax to use near ' upper(2601)='1'' at line 1. The SQL statement executed was: SELECT COUNT(*) FROM `security` `t` WHERE upper(change_pixels), upper(2601)=:ycp0.
in /var/www/html/cubecam/protected/views/security/admin.php (111)
in /var/www/html/cubecam/protected/controllers/SecurityController.php (60)
in /var/www/html/cubecam/index.php (13)
2012/05/08 11:45:05 [error] [system.db.CDbCommand] CDbCommand::fetchColumn() failed: SQLSTATE[42S22]: Column not found: 1054 Unknown column 'change_pixels' in 'where clause'. The SQL statement executed was: SELECT COUNT(*) FROM `security` `t` WHERE (upper(event_time_stamp) LIKE :ycp0) AND (upper(change_pixels) LIKE :ycp1).
in /var/www/html/cubecam/protected/views/security/admin.php (111)
in /var/www/html/cubecam/protected/controllers/SecurityController.php (60)
in /var/www/html/cubecam/index.php (13)
